<?xml version="1.0" encoding="UTF-8"?>
<!-- Generated by org.testng.reporters.JUnitXMLReporter -->
<testsuite ignored="1" hostname="LAPTOP-58KVVUOH" failures="2" tests="2" name="GoogleTest" time="0.057" errors="0" timestamp="2021-03-08T15:20:36 IST">
  <testcase classname="com.GoogleTestProject.GoogleTestClass" name="verfifyGmailLink" time="0.012">
    <failure type="java.lang.NullPointerException" message="Cannot invoke &amp;quot;org.openqa.selenium.WebDriver.findElement(org.openqa.selenium.By)&amp;quot; because &amp;quot;com.GoogleTestProject.GoogleTestClass.driver&amp;quot; is null">
      <![CDATA[java.lang.NullPointerException: Cannot invoke "org.openqa.selenium.WebDriver.findElement(org.openqa.selenium.By)" because "com.GoogleTestProject.GoogleTestClass.driver" is null
at com.GoogleTestProject.GoogleTestClass.verfifyGmailLink(GoogleTestClass.java:35)
at java.base/java.util.ArrayList.forEach(ArrayList.java:1511)
... Removed 27 stack frames]]>
    </failure>
  </testcase> <!-- verfifyGmailLink -->
  <testcase classname="com.GoogleTestProject.GoogleTestClass" name="verifyImagesLink" time="0.001">
    <failure type="java.lang.NullPointerException" message="Cannot invoke &amp;quot;org.openqa.selenium.WebDriver.findElement(org.openqa.selenium.By)&amp;quot; because &amp;quot;com.GoogleTestProject.GoogleTestClass.driver&amp;quot; is null">
      <![CDATA[java.lang.NullPointerException: Cannot invoke "org.openqa.selenium.WebDriver.findElement(org.openqa.selenium.By)" because "com.GoogleTestProject.GoogleTestClass.driver" is null
at com.GoogleTestProject.GoogleTestClass.verifyImagesLink(GoogleTestClass.java:29)
at java.base/java.util.ArrayList.forEach(ArrayList.java:1511)
... Removed 27 stack frames]]>
    </failure>
  </testcase> <!-- verifyImagesLink -->
  <testcase classname="com.GoogleTestProject.GoogleTestClass" name="verifySearchBox" time="0.0">
    <ignored/>
  </testcase> <!-- verifySearchBox -->
</testsuite> <!-- GoogleTest -->
